[2022-08-13T22:30:56.636] [WARN] PROD - warn: GET - /favicon.ico
[2022-08-13T23:52:43.840] [WARN] PROD - warn: GET - /favicon.ico
[2022-08-25T15:38:36.078] [WARN] PROD - warn: GET - /favicon.ico
[2022-08-25T15:45:30.528] [ERROR] PROD - error: POST - /productos - el/los campo/s no puede/n estar vacio
[2022-08-25T15:50:55.803] [ERROR] PROD - error: POST - /productos - el/los campo/s no puede/n estar vacio
[2022-08-25T15:51:11.372] [ERROR] PROD - error: POST - /productos - el/los campo/s no puede/n estar vacio
[2022-08-25T15:51:11.385] [WARN] PROD - warn: GET - /login
[2022-08-25T15:53:25.046] [ERROR] PROD - error: POST - /productos - el/los campo/s no puede/n estar vacio
[2022-08-25T15:53:25.060] [WARN] PROD - warn: GET - /login
[2022-08-25T15:54:02.371] [ERROR] PROD - error: POST - /productos - el/los campo/s no puede/n estar vacio
[2022-08-25T15:54:02.384] [WARN] PROD - warn: GET - /login
[2022-08-25T15:57:35.768] [ERROR] PROD - error: POST - /productos - el/los campo/s no puede/n estar vacio
[2022-08-25T15:57:35.780] [WARN] PROD - warn: GET - /login
[2022-08-25T15:58:26.513] [WARN] PROD - warn: GET - /login
[2022-08-25T16:00:29.980] [ERROR] PROD - error: POST - /productos - el/los campo/s no puede/n estar vacio
[2022-08-25T16:00:29.989] [WARN] PROD - warn: GET - /api/productos
[2022-08-25T16:00:46.350] [ERROR] PROD - error: POST - /productos - el/los campo/s no puede/n estar vacio
[2022-08-25T16:00:46.355] [WARN] PROD - warn: GET - /api/productos
[2022-08-25T16:01:20.998] [ERROR] PROD - error: POST - /productos - el/los campo/s no puede/n estar vacio
[2022-08-25T16:01:21.002] [WARN] PROD - warn: GET - /api/productos
[2022-08-25T16:01:31.465] [ERROR] PROD - error: POST - /productos - el/los campo/s no puede/n estar vacio
[2022-08-25T16:09:48.301] [WARN] PROD - warn: GET - /infoDescompre
[2022-08-25T16:10:01.940] [WARN] PROD - warn: GET - /descomprimido
